<?xml version="1.0" encoding="UTF-8"?>
<!-- Generated by org.testng.reporters.JUnitXMLReporter -->
<testsuite ignored="0" hostname="SUSHAJA_P_R" failures="0" tests="11" name="Default test" time="49.851" errors="0" timestamp="2023-06-26T22:48:28 IST">
  <testcase classname="Testcases.MakemyTripFlightSearch" name="EnterValidSearchCriteria" time="16.27"/>
  <testcase classname="Testcases.MakemyTripFlightSearch" name="EnterTravellerAdultData" time="3.625"/>
  <testcase classname="Testcases.MakemyTripFlightSearch" name="EnterTravellerChildData" time="0.435"/>
  <testcase classname="Testcases.MakemyTripFlightSearch" name="EnterTravellerInfantData" time="0.492"/>
  <testcase classname="Testcases.MakemyTripFlightSearch" name="Infant_dob" time="0.489"/>
  <testcase classname="Testcases.MakemyTripFlightSearch" name="EnterBooking_Details" time="1.842"/>
  <testcase classname="Testcases.MakemyTripFlightSearch" name="Review_Details" time="0.784"/>
  <testcase classname="Testcases.MakemyTripFlightSearch" name="Seat_Choose" time="2.493"/>
  <testcase classname="Testcases.MakemyTripFlightSearch" name="meal_selection" time="3.208"/>
  <testcase classname="Testcases.MakemyTripFlightSearch" name="Proceed_Payment" time="1.425"/>
  <testcase classname="Testcases.MakemyTripFlightSearch" name="CreditCardPay" time="10.233"/>
</testsuite> <!-- Default test -->
