<?xml version="1.0" encoding="UTF-8"?>
<testng-results ignored="0" total="11" passed="11" failed="0" skipped="0">
  <reporter-output>
  </reporter-output>
  <suite started-at="2023-06-26T22:47:38 IST" name="Default suite" finished-at="2023-06-26T22:48:28 IST" duration-ms="49851">
    <groups>
    </groups>
    <test started-at="2023-06-26T22:47:38 IST" name="Default test" finished-at="2023-06-26T22:48:28 IST" duration-ms="49851">
      <class name="Testcases.MakemyTripFlightSearch">
        <test-method is-config="true" signature="launchTheBrowser()[pri:0, instance:Testcases.MakemyTripFlightSearch@71a8adcf]" started-at="2023-06-26T22:47:33 IST" name="launchTheBrowser" finished-at="2023-06-26T22:47:38 IST" duration-ms="5447" status="PASS">
          <reporter-output>
          </reporter-output>
        </test-method> <!-- launchTheBrowser -->
        <test-method is-config="true" signature="EnterTheURL()[pri:0, instance:Testcases.MakemyTripFlightSearch@71a8adcf]" started-at="2023-06-26T22:47:38 IST" name="EnterTheURL" finished-at="2023-06-26T22:47:40 IST" duration-ms="1709" status="PASS">
          <reporter-output>
          </reporter-output>
        </test-method> <!-- EnterTheURL -->
        <test-method is-config="true" signature="deleteAdds()[pri:0, instance:Testcases.MakemyTripFlightSearch@71a8adcf]" started-at="2023-06-26T22:47:40 IST" name="deleteAdds" finished-at="2023-06-26T22:47:45 IST" duration-ms="5306" status="PASS">
          <reporter-output>
          </reporter-output>
        </test-method> <!-- deleteAdds -->
        <test-method signature="EnterValidSearchCriteria(java.lang.String,java.lang.String,java.lang.String,java.lang.String,java.lang.String,java.lang.String,java.lang.String)[pri:0, instance:Testcases.MakemyTripFlightSearch@71a8adcf]" started-at="2023-06-26T22:47:47 IST" name="EnterValidSearchCriteria" data-provider="Locationinputs" finished-at="2023-06-26T22:48:03 IST" duration-ms="16270" status="PASS">
          <params>
            <param index="0">
              <value>
                <![CDATA[GOI]]>
              </value>
            </param>
            <param index="1">
              <value>
                <![CDATA[MAA]]>
              </value>
            </param>
            <param index="2">
              <value>
                <![CDATA[29]]>
              </value>
            </param>
            <param index="3">
              <value>
                <![CDATA[1]]>
              </value>
            </param>
            <param index="4">
              <value>
                <![CDATA[1]]>
              </value>
            </param>
            <param index="5">
              <value>
                <![CDATA[1]]>
              </value>
            </param>
            <param index="6">
              <value>
                <![CDATA[Economy]]>
              </value>
            </param>
          </params>
          <reporter-output>
          </reporter-output>
        </test-method> <!-- EnterValidSearchCriteria -->
        <test-method signature="EnterTravellerAdultData(java.lang.String,java.lang.String)[pri:1, instance:Testcases.MakemyTripFlightSearch@71a8adcf]" started-at="2023-06-26T22:48:03 IST" name="EnterTravellerAdultData" data-provider="InputData" finished-at="2023-06-26T22:48:07 IST" duration-ms="3625" status="PASS">
          <params>
            <param index="0">
              <value>
                <![CDATA[vishnu]]>
              </value>
            </param>
            <param index="1">
              <value>
                <![CDATA[m]]>
              </value>
            </param>
          </params>
          <reporter-output>
          </reporter-output>
        </test-method> <!-- EnterTravellerAdultData -->
        <test-method signature="EnterTravellerChildData(java.lang.String,java.lang.String)[pri:2, instance:Testcases.MakemyTripFlightSearch@71a8adcf]" started-at="2023-06-26T22:48:07 IST" name="EnterTravellerChildData" data-provider="ChildInputData" finished-at="2023-06-26T22:48:07 IST" duration-ms="435" status="PASS">
          <params>
            <param index="0">
              <value>
                <![CDATA[sushaja]]>
              </value>
            </param>
            <param index="1">
              <value>
                <![CDATA[p]]>
              </value>
            </param>
          </params>
          <reporter-output>
          </reporter-output>
        </test-method> <!-- EnterTravellerChildData -->
        <test-method signature="EnterTravellerInfantData(java.lang.String,java.lang.String)[pri:3, instance:Testcases.MakemyTripFlightSearch@71a8adcf]" started-at="2023-06-26T22:48:07 IST" name="EnterTravellerInfantData" data-provider="InfantInputData" finished-at="2023-06-26T22:48:08 IST" duration-ms="492" status="PASS">
          <params>
            <param index="0">
              <value>
                <![CDATA[sreevas]]>
              </value>
            </param>
            <param index="1">
              <value>
                <![CDATA[v]]>
              </value>
            </param>
          </params>
          <reporter-output>
          </reporter-output>
        </test-method> <!-- EnterTravellerInfantData -->
        <test-method signature="Infant_dob()[pri:4, instance:Testcases.MakemyTripFlightSearch@71a8adcf]" started-at="2023-06-26T22:48:08 IST" name="Infant_dob" finished-at="2023-06-26T22:48:08 IST" duration-ms="489" status="PASS">
          <reporter-output>
          </reporter-output>
        </test-method> <!-- Infant_dob -->
        <test-method signature="EnterBooking_Details(java.lang.String,java.lang.String,java.lang.String,java.lang.String,java.lang.String)[pri:5, instance:Testcases.MakemyTripFlightSearch@71a8adcf]" started-at="2023-06-26T22:48:08 IST" name="EnterBooking_Details" data-provider="BookingDetails" finished-at="2023-06-26T22:48:10 IST" duration-ms="1842" status="PASS">
          <params>
            <param index="0">
              <value>
                <![CDATA[9496291046]]>
              </value>
            </param>
            <param index="1">
              <value>
                <![CDATA[prsushaja@gmail.com]]>
              </value>
            </param>
            <param index="2">
              <value>
                <![CDATA[680589]]>
              </value>
            </param>
            <param index="3">
              <value>
                <![CDATA[Punjab]]>
              </value>
            </param>
            <param index="4">
              <value>
                <![CDATA[malmalpattiath]]>
              </value>
            </param>
          </params>
          <reporter-output>
          </reporter-output>
        </test-method> <!-- EnterBooking_Details -->
        <test-method signature="Review_Details()[pri:6, instance:Testcases.MakemyTripFlightSearch@71a8adcf]" started-at="2023-06-26T22:48:10 IST" name="Review_Details" finished-at="2023-06-26T22:48:11 IST" duration-ms="784" status="PASS">
          <reporter-output>
          </reporter-output>
        </test-method> <!-- Review_Details -->
        <test-method signature="Seat_Choose()[pri:6, instance:Testcases.MakemyTripFlightSearch@71a8adcf]" started-at="2023-06-26T22:48:11 IST" name="Seat_Choose" finished-at="2023-06-26T22:48:13 IST" duration-ms="2493" status="PASS">
          <reporter-output>
          </reporter-output>
        </test-method> <!-- Seat_Choose -->
        <test-method signature="meal_selection()[pri:7, instance:Testcases.MakemyTripFlightSearch@71a8adcf]" started-at="2023-06-26T22:48:13 IST" name="meal_selection" finished-at="2023-06-26T22:48:17 IST" duration-ms="3208" status="PASS">
          <reporter-output>
          </reporter-output>
        </test-method> <!-- meal_selection -->
        <test-method signature="Proceed_Payment()[pri:8, instance:Testcases.MakemyTripFlightSearch@71a8adcf]" started-at="2023-06-26T22:48:17 IST" name="Proceed_Payment" finished-at="2023-06-26T22:48:18 IST" duration-ms="1425" status="PASS">
          <reporter-output>
          </reporter-output>
        </test-method> <!-- Proceed_Payment -->
        <test-method signature="CreditCardPay(java.lang.String,java.lang.String,java.lang.String,java.lang.String,java.lang.String)[pri:9, instance:Testcases.MakemyTripFlightSearch@71a8adcf]" started-at="2023-06-26T22:48:18 IST" name="CreditCardPay" data-provider="CreditcardDetails" finished-at="2023-06-26T22:48:28 IST" duration-ms="10233" status="PASS">
          <params>
            <param index="0">
              <value>
                <![CDATA[6521530107958299]]>
              </value>
            </param>
            <param index="1">
              <value>
                <![CDATA[SUSHAJA P R]]>
              </value>
            </param>
            <param index="2">
              <value>
                <![CDATA[March (03)]]>
              </value>
            </param>
            <param index="3">
              <value>
                <![CDATA[2026]]>
              </value>
            </param>
            <param index="4">
              <value>
                <![CDATA[899]]>
              </value>
            </param>
          </params>
          <reporter-output>
          </reporter-output>
        </test-method> <!-- CreditCardPay -->
        <test-method is-config="true" signature="Teardown()[pri:0, instance:Testcases.MakemyTripFlightSearch@71a8adcf]" started-at="2023-06-26T22:48:28 IST" name="Teardown" finished-at="2023-06-26T22:48:29 IST" duration-ms="983" status="PASS">
          <reporter-output>
          </reporter-output>
        </test-method> <!-- Teardown -->
      </class> <!-- Testcases.MakemyTripFlightSearch -->
    </test> <!-- Default test -->
  </suite> <!-- Default suite -->
</testng-results>
